<?xml version="1.0" encoding="UTF-8"?>
<testsuite name="org.example.service.TodoServiceTest" tests="3" skipped="0" failures="0" errors="0" timestamp="2022-09-10T11:38:07" hostname="DESKTOP-E8FO4AO" time="0.147">
  <properties/>
  <testcase name="searchById()" classname="org.example.service.TodoServiceTest" time="0.139"/>
  <testcase name="searchByIdFailed()" classname="org.example.service.TodoServiceTest" time="0.003"/>
  <testcase name="add()" classname="org.example.service.TodoServiceTest" time="0.004"/>
  <system-out><![CDATA[]]></system-out>
  <system-err><![CDATA[]]></system-err>
</testsuite>
