<?xml version="1.0" encoding="UTF-8"?>
<testsuite name="org.example.controller.todoControllerTest" tests="2" skipped="0" failures="0" errors="0" timestamp="2022-09-10T11:38:07" hostname="DESKTOP-E8FO4AO" time="0.341">
  <properties/>
  <testcase name="create()" classname="org.example.controller.todoControllerTest" time="0.331"/>
  <testcase name="readOne()" classname="org.example.controller.todoControllerTest" time="0.006"/>
  <system-out><![CDATA[20:38:03.594 [Test worker] DEBUG org.springframework.test.context.BootstrapUtils - Instantiating CacheAwareContextLoaderDelegate from class [org.springframework.test.context.cache.DefaultCacheAwareContextLoaderDelegate]
20:38:03.612 [Test worker] DEBUG org.springframework.test.context.BootstrapUtils - Instantiating BootstrapContext using constructor [public org.springframework.test.context.support.DefaultBootstrapContext(java.lang.Class,org.springframework.test.context.CacheAwareContextLoaderDelegate)]
20:38:03.666 [Test worker] DEBUG org.springframework.test.context.BootstrapUtils - Instantiating TestContextBootstrapper for test class [org.example.controller.todoControllerTest] from class [org.springframework.boot.test.autoconfigure.web.servlet.WebMvcTestContextBootstrapper]
20:38:03.680 [Test worker] INFO org.springframework.boot.test.autoconfigure.web.servlet.WebMvcTestContextBootstrapper - Neither @ContextConfiguration nor @ContextHierarchy found for test class [org.example.controller.todoControllerTest], using SpringBootContextLoader
20:38:03.686 [Test worker] DEBUG org.springframework.test.context.support.AbstractContextLoader - Did not detect default resource location for test class [org.example.controller.todoControllerTest]: class path resource [org/example/controller/todoControllerTest-context.xml] does not exist
20:38:03.688 [Test worker] DEBUG org.springframework.test.context.support.AbstractContextLoader - Did not detect default resource location for test class [org.example.controller.todoControllerTest]: class path resource [org/example/controller/todoControllerTestContext.groovy] does not exist
20:38:03.688 [Test worker] INFO org.springframework.test.context.support.AbstractContextLoader - Could not detect default resource locations for test class [org.example.controller.todoControllerTest]: no resource found for suffixes {-context.xml, Context.groovy}.
20:38:03.689 [Test worker] INFO org.springframework.test.context.support.AnnotationConfigContextLoaderUtils - Could not detect default configuration classes for test class [org.example.controller.todoControllerTest]: todoControllerTest does not declare any static, non-private, non-final, nested classes annotated with @Configuration.
20:38:03.827 [Test worker] DEBUG org.springframework.test.context.support.ActiveProfilesUtils - Could not find an 'annotation declaring class' for annotation type [org.springframework.test.context.ActiveProfiles] and class [org.example.controller.todoControllerTest]
20:38:03.907 [Test worker] DEBUG org.springframework.context.annotation.ClassPathScanningCandidateComponentProvider - Identified candidate component class: file [F:\github\Java-Spring\todo-server\build\classes\java\main\org\example\TodoServerApplication.class]
20:38:03.908 [Test worker] INFO org.springframework.boot.test.context.SpringBootTestContextBootstrapper - Found @SpringBootConfiguration org.example.TodoServerApplication for test class org.example.controller.todoControllerTest
20:38:03.911 [Test worker] DEBUG org.springframework.boot.test.autoconfigure.web.servlet.WebMvcTestContextBootstrapper - @TestExecutionListeners is not present for class [org.example.controller.todoControllerTest]: using defaults.
20:38:03.912 [Test worker] INFO org.springframework.boot.test.autoconfigure.web.servlet.WebMvcTestContextBootstrapper - Loaded default TestExecutionListener class names from location [META-INF/spring.factories]: [org.springframework.boot.test.autoconfigure.restdocs.RestDocsTestExecutionListener, org.springframework.boot.test.autoconfigure.web.client.MockRestServiceServerResetTestExecutionListener, org.springframework.boot.test.autoconfigure.web.servlet.MockMvcPrintOnlyOnFailureTestExecutionListener, org.springframework.boot.test.autoconfigure.web.servlet.WebDriverTestExecutionListener, org.springframework.boot.test.autoconfigure.webservices.client.MockWebServiceServerTestExecutionListener, org.springframework.boot.test.mock.mockito.MockitoTestExecutionListener, org.springframework.boot.test.mock.mockito.ResetMocksTestExecutionListener, org.springframework.test.context.web.ServletTestExecutionListener, org.springframework.test.context.support.DirtiesContextBeforeModesTestExecutionListener, org.springframework.test.context.event.ApplicationEventsTestExecutionListener, org.springframework.test.context.support.DependencyInjectionTestExecutionListener, org.springframework.test.context.support.DirtiesContextTestExecutionListener, org.springframework.test.context.transaction.TransactionalTestExecutionListener, org.springframework.test.context.jdbc.SqlScriptsTestExecutionListener, org.springframework.test.context.event.EventPublishingTestExecutionListener]
20:38:03.928 [Test worker] INFO org.springframework.boot.test.autoconfigure.web.servlet.WebMvcTestContextBootstrapper - Using TestExecutionListeners: [org.springframework.test.context.web.ServletTestExecutionListener@2b95e48b, org.springframework.test.context.support.DirtiesContextBeforeModesTestExecutionListener@4a3329b9, org.springframework.test.context.event.ApplicationEventsTestExecutionListener@3dddefd8, org.springframework.boot.test.mock.mockito.MockitoTestExecutionListener@160ac7fb, org.springframework.boot.test.autoconfigure.SpringBootDependencyInjectionTestExecutionListener@12bfd80d, org.springframework.test.context.support.DirtiesContextTestExecutionListener@41925502, org.springframework.test.context.transaction.TransactionalTestExecutionListener@13e3c1c7, org.springframework.test.context.jdbc.SqlScriptsTestExecutionListener@5316e95f, org.springframework.test.context.event.EventPublishingTestExecutionListener@3f053c80, org.springframework.boot.test.autoconfigure.restdocs.RestDocsTestExecutionListener@6c6c5427, org.springframework.boot.test.autoconfigure.web.client.MockRestServiceServerResetTestExecutionListener@618c5d94, org.springframework.boot.test.autoconfigure.web.servlet.MockMvcPrintOnlyOnFailureTestExecutionListener@5b40ceb, org.springframework.boot.test.autoconfigure.web.servlet.WebDriverTestExecutionListener@13c3c1e1, org.springframework.boot.test.autoconfigure.webservices.client.MockWebServiceServerTestExecutionListener@1d8062d2, org.springframework.boot.test.mock.mockito.ResetMocksTestExecutionListener@1e63ec0b]
20:38:03.938 [Test worker] DEBUG org.springframework.test.context.support.AbstractDirtiesContextTestExecutionListener - Before test class: context [DefaultTestContext@62dae540 testClass = todoControllerTest, testInstance = [null], testMethod = [null], testException = [null], mergedContextConfiguration = [WebMergedContextConfiguration@5827af16 testClass = todoControllerTest, locations = '{}', classes = '{class org.example.TodoServerApplication}', contextInitializerClasses = '[]', activeProfiles = '{}', propertySourceLocations = '{}', propertySourceProperties = '{org.springframework.boot.test.autoconfigure.web.servlet.WebMvcTestContextBootstrapper=true}', contextCustomizers = set[org.springframework.boot.test.autoconfigure.OverrideAutoConfigurationContextCustomizerFactory$DisableAutoConfigurationContextCustomizer@7502291e, org.springframework.boot.test.autoconfigure.actuate.metrics.MetricsExportContextCustomizerFactory$DisableMetricExportContextCustomizer@63798ca7, org.springframework.boot.test.autoconfigure.filter.TypeExcludeFiltersContextCustomizer@dd6b0344, org.springframework.boot.test.autoconfigure.properties.PropertyMappingContextCustomizer@e5f16baf, org.springframework.boot.test.autoconfigure.web.servlet.WebDriverContextCustomizerFactory$Customizer@23aa363a, [ImportsContextCustomizer@654d8173 key = [org.springframework.boot.autoconfigure.cache.CacheAutoConfiguration, org.springframework.boot.autoconfigure.context.MessageSourceAutoConfiguration, org.springframework.boot.autoconfigure.data.web.SpringDataWebAutoConfiguration, org.springframework.boot.autoconfigure.freemarker.FreeMarkerAutoConfiguration, org.springframework.boot.autoconfigure.groovy.template.GroovyTemplateAutoConfiguration, org.springframework.boot.autoconfigure.gson.GsonAutoConfiguration, org.springframework.boot.autoconfigure.hateoas.HypermediaAutoConfiguration, org.springframework.boot.autoconfigure.http.HttpMessageConvertersAutoConfiguration, org.springframework.boot.autoconfigure.jackson.JacksonAutoConfiguration, org.springframework.boot.autoconfigure.jsonb.JsonbAutoConfiguration, org.springframework.boot.autoconfigure.mustache.MustacheAutoConfiguration, org.springframework.boot.autoconfigure.task.TaskExecutionAutoConfiguration, org.springframework.boot.autoconfigure.thymeleaf.ThymeleafAutoConfiguration, org.springframework.boot.autoconfigure.validation.ValidationAutoConfiguration, org.springframework.boot.autoconfigure.web.servlet.error.ErrorMvcAutoConfiguration, org.springframework.boot.autoconfigure.web.servlet.HttpEncodingAutoConfiguration, org.springframework.boot.autoconfigure.web.servlet.WebMvcAutoConfiguration, org.springframework.boot.test.autoconfigure.web.servlet.MockMvcAutoConfiguration, org.springframework.boot.test.autoconfigure.web.servlet.MockMvcWebClientAutoConfiguration, org.springframework.boot.test.autoconfigure.web.servlet.MockMvcWebDriverAutoConfiguration, org.springframework.boot.autoconfigure.security.oauth2.client.servlet.OAuth2ClientAutoConfiguration, org.springframework.boot.autoconfigure.security.oauth2.resource.servlet.OAuth2ResourceServerAutoConfiguration, org.springframework.boot.autoconfigure.security.servlet.SecurityAutoConfiguration, org.springframework.boot.autoconfigure.security.servlet.SecurityFilterAutoConfiguration, org.springframework.boot.autoconfigure.security.servlet.UserDetailsServiceAutoConfiguration, org.springframework.boot.test.autoconfigure.web.servlet.MockMvcSecurityConfiguration, org.springframework.boot.test.autoconfigure.web.reactive.WebTestClientAutoConfiguration]], org.springframework.boot.test.context.filter.ExcludeFilterContextCustomizer@51972dc7, org.springframework.boot.test.json.DuplicateJsonObjectContextCustomizerFactory$DuplicateJsonObjectContextCustomizer@5911e990, org.springframework.boot.test.mock.mockito.MockitoContextCustomizer@761f68d7, org.springframework.boot.test.context.SpringBootTestArgs@1, org.springframework.boot.test.context.SpringBootTestWebEnvironment@0], resourceBasePath = 'src/main/webapp', contextLoader = 'org.springframework.boot.test.context.SpringBootContextLoader', parent = [null]], attributes = map[[empty]]], class annotated with @DirtiesContext [false] with mode [null].

  .   ____          _            __ _ _
 /\\ / ___'_ __ _ _(_)_ __  __ _ \ \ \ \
( ( )\___ | '_ | '_| | '_ \/ _` | \ \ \ \
 \\/  ___)| |_)| | | | | || (_| |  ) ) ) )
  '  |____| .__|_| |_|_| |_\__, | / / / /
 =========|_|==============|___/=/_/_/_/
 :: Spring Boot ::                (v2.7.3)

2022-09-10 20:38:04.499  INFO 12040 --- [    Test worker] o.example.controller.todoControllerTest  : Starting todoControllerTest using Java 16.0.2 on DESKTOP-E8FO4AO with PID 12040 (started by Honginseong in F:\github\Java-Spring\todo-server)
2022-09-10 20:38:04.501  INFO 12040 --- [    Test worker] o.example.controller.todoControllerTest  : No active profile set, falling back to 1 default profile: "default"
2022-09-10 20:38:07.121  INFO 12040 --- [    Test worker] o.s.b.t.m.w.SpringBootMockServletContext : Initializing Spring TestDispatcherServlet ''
2022-09-10 20:38:07.121  INFO 12040 --- [    Test worker] o.s.t.web.servlet.TestDispatcherServlet  : Initializing Servlet ''
2022-09-10 20:38:07.123  INFO 12040 --- [    Test worker] o.s.t.web.servlet.TestDispatcherServlet  : Completed initialization in 2 ms
2022-09-10 20:38:07.166  INFO 12040 --- [    Test worker] o.example.controller.todoControllerTest  : Started todoControllerTest in 3.174 seconds (JVM running for 4.731)
]]></system-out>
  <system-err><![CDATA[]]></system-err>
</testsuite>
